Command line:
   Des_Top_isim_beh.exe
     -simmode  gui
     -simrunnum  0
     -socket  60485

Fri Oct 11 18:32:09 2013


 Elaboration Time: 0.187201 sec

 Current Memory Usage: 526.074 Meg

 Total Signals          : 1320
 Total Nets             : 9158
 Total Signal Drivers   : 573
 Total Blocks           : 263
 Total Primitive Blocks : 245
 Total Processes        : 785
 Total Traceable Variables  : 245
 Total Scalar Nets and Variables : 13518
Total Line Count : 7903

 Total Simulation Time: 0.358802 sec

 Current Memory Usage: 526.074 Meg

Fri Oct 11 18:32:37 2013

